<?xml version="1.0" encoding="UTF-8"?>
<!-- Generated by org.testng.reporters.JUnitReportReporter -->
<testsuite skipped="15" hostname="Busaras-MacBook-Pro.local" name="com.app.runners.CukesRunner" tests="15" failures="0" timestamp="11 Jun 2018 07:08:10 GMT" time="8.395" errors="0">
  <testcase name="runScenario" time="0.249" classname="com.app.runners.CukesRunner">
    <skipped/>
  </testcase> <!-- runScenario -->
  <testcase name="runScenario" time="0.237" classname="com.app.runners.CukesRunner">
    <skipped/>
  </testcase> <!-- runScenario -->
  <testcase name="runScenario" time="0.218" classname="com.app.runners.CukesRunner">
    <skipped/>
  </testcase> <!-- runScenario -->
  <testcase name="runScenario" time="0.255" classname="com.app.runners.CukesRunner">
    <skipped/>
  </testcase> <!-- runScenario -->
  <testcase name="runScenario" time="0.264" classname="com.app.runners.CukesRunner">
    <skipped/>
  </testcase> <!-- runScenario -->
  <testcase name="runScenario" time="0.595" classname="com.app.runners.CukesRunner">
    <skipped/>
  </testcase> <!-- runScenario -->
  <testcase name="runScenario" time="0.227" classname="com.app.runners.CukesRunner">
    <skipped/>
  </testcase> <!-- runScenario -->
  <testcase name="runScenario" time="0.257" classname="com.app.runners.CukesRunner">
    <skipped/>
  </testcase> <!-- runScenario -->
  <testcase name="runScenario" time="0.266" classname="com.app.runners.CukesRunner">
    <skipped/>
  </testcase> <!-- runScenario -->
  <testcase name="runScenario" time="0.281" classname="com.app.runners.CukesRunner">
    <skipped/>
  </testcase> <!-- runScenario -->
  <testcase name="runScenario" time="4.549" classname="com.app.runners.CukesRunner">
    <skipped/>
  </testcase> <!-- runScenario -->
  <testcase name="runScenario" time="0.292" classname="com.app.runners.CukesRunner">
    <skipped/>
  </testcase> <!-- runScenario -->
  <testcase name="runScenario" time="0.267" classname="com.app.runners.CukesRunner">
    <skipped/>
  </testcase> <!-- runScenario -->
  <testcase name="runScenario" time="0.114" classname="com.app.runners.CukesRunner">
    <skipped/>
  </testcase> <!-- runScenario -->
  <testcase name="runScenario" time="0.324" classname="com.app.runners.CukesRunner">
    <skipped/>
  </testcase> <!-- runScenario -->
</testsuite> <!-- com.app.runners.CukesRunner -->
